// This is the action-log of Power++ 2.0 STL Application
// Do not edit this file by any way!
#################################################
#                                               #
#               Power++ 2.0 STL                 #
#                                               #
#################################################

14:40:48 4/3/2017 
Turn off screen successfully without any error.

9:43:59 20/3/2017 
Turn off screen successfully without any error.

9:45:5 20/3/2017 
Turn off screen successfully without any error.

9:48:29 20/3/2017 
Turn off screen successfully without any error.

11:58:32 20/3/2017 
Turn off screen successfully without any error.

12:59:0 29/3/2017 
Turn off screen successfully without any error.

14:9:14 29/3/2017 
Turn off screen successfully without any error.

14:9:55 29/3/2017 
Turn off screen successfully without any error.

14:9:59 29/3/2017 
Turn off screen successfully without any error.

20:0:52 29/3/2017 
20:15:42 29/3/2017 
20:18:30 29/3/2017 
Turn off screen successfully without any error.

20:31:30 29/3/2017 
Turn off screen successfully without any error.

20:31:41 29/3/2017 
Turn off screen successfully without any error.

20:31:44 29/3/2017 
Turn off screen successfully without any error.

20:59:1 29/3/2017 
Turn off screen successfully without any error.

22:37:2 29/3/2017 
Turn off screen successfully without any error.

10:39:55 31/3/2017 
Turn off screen successfully without any error.

15:30:52 31/3/2017 
Turn off screen successfully without any error.

15:31:3 31/3/2017 
Turn off screen successfully without any error.

15:33:5 31/3/2017 
Turn off screen successfully without any error.

15:55:26 31/3/2017 
Turn off screen successfully without any error.

15:57:30 31/3/2017 
Turn off screen successfully without any error.

15:58:10 31/3/2017 
Turn off screen successfully without any error.

15:58:13 31/3/2017 
Turn off screen successfully without any error.

